Uninstalling cobra:
  /usr/local/lib/python2.7/dist-packages/cobra-1.0.0_873-py2.7.egg
  Removing file or directory /usr/local/lib/python2.7/dist-packages/cobra-1.0.0_873-py2.7.egg
Exception:
Traceback (most recent call last):
  File "/usr/lib/python2.7/dist-packages/pip/basecommand.py", line 126, in main
    self.run(options, args)
  File "/usr/lib/python2.7/dist-packages/pip/commands/uninstall.py", line 40, in run
    requirement_set.uninstall(auto_confirm=options.yes)
  File "/usr/lib/python2.7/dist-packages/pip/req.py", line 850, in uninstall
    req.uninstall(auto_confirm=auto_confirm)
  File "/usr/lib/python2.7/dist-packages/pip/req.py", line 476, in uninstall
    paths_to_remove.remove(auto_confirm)
  File "/usr/lib/python2.7/dist-packages/pip/req.py", line 1391, in remove
    renames(path, new_path)
  File "/usr/lib/python2.7/dist-packages/pip/util.py", line 248, in renames
    shutil.move(old, new)
  File "/usr/lib/python2.7/shutil.py", line 297, in move
    rmtree(src)
  File "/usr/lib/python2.7/shutil.py", line 245, in rmtree
    rmtree(fullname, ignore_errors, onerror)
  File "/usr/lib/python2.7/shutil.py", line 245, in rmtree
    rmtree(fullname, ignore_errors, onerror)
  File "/usr/lib/python2.7/shutil.py", line 250, in rmtree
    onerror(os.remove, fullname, sys.exc_info())
  File "/usr/lib/python2.7/shutil.py", line 248, in rmtree
    os.remove(fullname)
OSError: [Errno 13] Permission denied: '/usr/local/lib/python2.7/dist-packages/cobra-1.0.0_873-py2.7.egg/zen/formatter/pyfile.pyc'
